<?xml version="1.0" encoding="UTF-8"?>
<!-- Generated by org.testng.reporters.JUnitXMLReporter -->
<testsuite ignored="0" hostname="TVDI-040" failures="0" tests="5" name="Default test" time="23.8" errors="0" timestamp="2023-07-18T15:39:38 IST">
  <testcase classname="com.testgit.Git" name="getUser" time="3.368"/>
  <testcase classname="com.testgit.Git" name="getRepo" time="0.529"/>
  <testcase classname="com.testgit.Git" name="createRepo" time="5.127"/>
  <testcase classname="com.testgit.Git" name="updateRepo" time="1.88"/>
  <testcase classname="com.testgit.Git" name="deleteRepo" time="12.228"/>
</testsuite> <!-- Default test -->
