<?xml version="1.0" encoding="UTF-8"?>
<testng-results ignored="0" total="5" passed="5" failed="0" skipped="0">
  <reporter-output>
  </reporter-output>
  <suite started-at="2023-07-18T15:39:14 IST" name="Default suite" finished-at="2023-07-18T15:39:38 IST" duration-ms="23800">
    <groups>
    </groups>
    <test started-at="2023-07-18T15:39:14 IST" name="Default test" finished-at="2023-07-18T15:39:38 IST" duration-ms="23800">
      <class name="com.testgit.Git">
        <test-method is-config="true" signature="loadBaseURI()[pri:0, instance:com.testgit.Git@6404f418]" started-at="2023-07-18T15:39:14 IST" name="loadBaseURI" finished-at="2023-07-18T15:39:15 IST" duration-ms="554" status="PASS">
          <reporter-output>
          </reporter-output>
        </test-method> <!-- loadBaseURI -->
        <test-method signature="getUser()[pri:0, instance:com.testgit.Git@6404f418]" started-at="2023-07-18T15:39:15 IST" name="getUser" finished-at="2023-07-18T15:39:18 IST" duration-ms="3368" status="PASS">
          <reporter-output>
          </reporter-output>
        </test-method> <!-- getUser -->
        <test-method is-config="true" signature="loadBaseURI()[pri:0, instance:com.testgit.Git@6404f418]" started-at="2023-07-18T15:39:18 IST" name="loadBaseURI" finished-at="2023-07-18T15:39:18 IST" duration-ms="0" status="PASS">
          <reporter-output>
          </reporter-output>
        </test-method> <!-- loadBaseURI -->
        <test-method signature="getRepo()[pri:1, instance:com.testgit.Git@6404f418]" started-at="2023-07-18T15:39:18 IST" name="getRepo" finished-at="2023-07-18T15:39:19 IST" duration-ms="529" status="PASS">
          <reporter-output>
          </reporter-output>
        </test-method> <!-- getRepo -->
        <test-method is-config="true" signature="loadBaseURI()[pri:0, instance:com.testgit.Git@6404f418]" started-at="2023-07-18T15:39:19 IST" name="loadBaseURI" finished-at="2023-07-18T15:39:19 IST" duration-ms="1" status="PASS">
          <reporter-output>
          </reporter-output>
        </test-method> <!-- loadBaseURI -->
        <test-method signature="createRepo()[pri:2, instance:com.testgit.Git@6404f418]" started-at="2023-07-18T15:39:19 IST" name="createRepo" finished-at="2023-07-18T15:39:24 IST" duration-ms="5127" status="PASS">
          <reporter-output>
          </reporter-output>
        </test-method> <!-- createRepo -->
        <test-method is-config="true" signature="loadBaseURI()[pri:0, instance:com.testgit.Git@6404f418]" started-at="2023-07-18T15:39:24 IST" name="loadBaseURI" finished-at="2023-07-18T15:39:24 IST" duration-ms="0" status="PASS">
          <reporter-output>
          </reporter-output>
        </test-method> <!-- loadBaseURI -->
        <test-method signature="updateRepo()[pri:3, instance:com.testgit.Git@6404f418]" started-at="2023-07-18T15:39:24 IST" name="updateRepo" finished-at="2023-07-18T15:39:26 IST" duration-ms="1880" status="PASS">
          <reporter-output>
          </reporter-output>
        </test-method> <!-- updateRepo -->
        <test-method is-config="true" signature="loadBaseURI()[pri:0, instance:com.testgit.Git@6404f418]" started-at="2023-07-18T15:39:26 IST" name="loadBaseURI" finished-at="2023-07-18T15:39:26 IST" duration-ms="1" status="PASS">
          <reporter-output>
          </reporter-output>
        </test-method> <!-- loadBaseURI -->
        <test-method signature="deleteRepo()[pri:4, instance:com.testgit.Git@6404f418]" started-at="2023-07-18T15:39:26 IST" name="deleteRepo" finished-at="2023-07-18T15:39:38 IST" duration-ms="12228" status="PASS">
          <reporter-output>
          </reporter-output>
        </test-method> <!-- deleteRepo -->
      </class> <!-- com.testgit.Git -->
    </test> <!-- Default test -->
  </suite> <!-- Default suite -->
</testng-results>
